12345
abc123
password
passwd
123456
newpass
notused
Hockey
internet
12345678
victory
newuser
computer
Internet
Mickey
qwerty123
fiction
Cowboys
Jordan
Hatton
Test1234!
Michael
ou812
orange
1234
Beavis
123
tigger
Soccer
shadow
Purple
Sports
dragon
michael
wheeling
mustang
Monkey
Qwerty
School
Snoopy
Vikings
jennifer
money
Justin
mickey
0246
a1b2c3
chris
david
foobar
Robert
buster
harley
jordan
stupid
*
apple
fred
123abc
Amanda
Dakota
summer
sunshine
andrew
hello
maggie
monday
pascal
patrick
Dallas
Jessica
Nicole
Sendit
Smokey
baseball
daniel
diamond
joshua
michelle
mike
silver
1q2w3e
Friends
George
Shadow
Summer
bandit
coffee
falcon
pepper
richard
thomas
undead
!@#$%
Andrew
Buster
Cowboy
Eagles
Elwood
Master
Nathan
changeme
charlie
golf
green
linda
merlin
monkey
nite
secret
soccer
steve
1234567
Apples
Dragon
Flower
Mustang
Pepper
george
guest
hockey
james
koko
matthew
pookie
robert
xxx
Dolphin
Killer
Miller
Packers
Tigger
alex
canada
john
master
Chicago
Kitten
Polaris
Spanky
Tennis
Thomas
Tweety
hammer
letmein
magic
murphy
scooter
service
snoopy
sophie
thx1138
tiger
Ashley
Basket
Ginger
Nirvana
Teacher
Yellow
blue
dave
hunter
sarah
thursday
welcome
mother
nicole
purple
ranger
123go
Airhead
Braves
Sparky
angela
brandy
cindy
dakota
donald
football
ncc1701
shannon
soleil
taylor
tuesday
Abcdef
August
Monday
Pookie
Rabbit
Richard
Smiley
amanda
anthony
camaro
carmen
cowboy
genesis
jesus
joseph
justin
miller
ncc1701d
pamela
picture
princess
rabbit
rocket
sierra
steven
success
tennis
victoria
willow
Abcdefg
Bubba
Charlie
Compute
Computer
Hammer
Jeremy
Library

Password
Runner
Scooter
Shorty
Silver
Taylor
Tigers
Travis
Viper
digital
duke
freedom
gandalf
ginger
heather
iloveyou
jessica
killer
lizard
loser
mark
monica
oscar
peanut
pentium
peter
phoenix
piglet
rainbow
runner
sam
saturn
scott
skippy
startrek
temp
111111
123123
2welcome
Basebal
Batman
Brandy
Cassie
Dustin
Fishing
Harley
Hunter
Orlando
Peaches
Scotty
Steven
Voyager
andrea