director
Linksys
dragon
economist
edu
email
digicom
expert
recovery
manager
fabrika
sysadm
finance
ftp
ubnt
glavbux
glbuh
helloitmenice
help
holding
home
hr
info
ingthisleter
job
john
kadry
letmein
mail
marketing
marketing
mike
mogggnomgon
monkey
moscow
mysql
office
ok
oracle
password
personal
petgord34truew
post
postmaster
pr
qwerty
rbury
reklama
root
sale
sales
secretar
sekretar
support
test
testing
thisisjusttestletter
dir
director
direktor
dragon
user1
company
user2
mail
john
uploader
user
webmaster
www-data
abcd
1234567
qwerty
admin
super
root
account
corp
design
billing
blinov
bobrov
bogdanov
buh
buhg
buhgalter
buhgalteria
business
bux
catchthismail
company
contact
contactus
corp
design
dir
